3054975
3054974
3054972
3054971
3054969
3054968
3054964
3054963
3054962
3054961
3054960
3054959
3054958
3054956
3054955
3054954
3054953
3054952
3054951
3054949
3055167
3055166
3055165
3055163
3055161
3055160
3055151
3055158
3055157
3055156
3055152
3055147
3055146
3055145
3055144
3055142
3055140
3055139
3055137
3055135
3055454
3055453
3055452
3055451
3055450
3055449
3055448
3055446
3055445
3055444
3055443
3055442
3055441
3055440
3055438
3055437
3055436
3055435
3055434
3055433
3055482
3055480
3055479
3055478
3055477
3055476
3055475
3055474
3055473
3055472
3055471
3055470
3055469
3055468
3055467
3055466
3055465
3055464
3055463
3055462
3055532
3055531
3055530
3055529
3055527
3055526
3055525
3055523
3055521
3055520
3055533
3055519
3055518
3055517
3055516
3055515
3055513
3055512
3055511
3055510
